<?xml version="1.0" encoding="UTF-8"?>
<coverage generated="1683384699872" clover="3.2.0">
  <project timestamp="1683384699872" name="All files">
    <metrics statements="61" coveredstatements="61" conditionals="18" coveredconditionals="18" methods="11" coveredmethods="11" elements="90" coveredelements="90" complexity="0" loc="61" ncloc="61" packages="1" files="5" classes="5"/>
    <file name="exercise1.js" path="C:\Users\private\Desktop\Tests\exercise1.js">
      <metrics statements="12" coveredstatements="12" conditionals="2" coveredconditionals="2" methods="2" coveredmethods="2"/>
      <line num="1" count="1" type="stmt"/>
      <line num="6" count="1" type="stmt"/>
      <line num="7" count="1" type="stmt"/>
      <line num="8" count="2" type="stmt"/>
      <line num="10" count="1" type="stmt"/>
      <line num="14" count="6" type="cond" truecount="2" falsecount="0"/>
      <line num="15" count="1" type="stmt"/>
      <line num="17" count="5" type="stmt"/>
      <line num="20" count="1" type="stmt"/>
      <line num="21" count="1" type="stmt"/>
      <line num="23" count="1" type="stmt"/>
      <line num="24" count="1" type="stmt"/>
    </file>
    <file name="exercise2.js" path="C:\Users\private\Desktop\Tests\exercise2.js">
      <metrics statements="5" coveredstatements="5" conditionals="0" coveredconditionals="0" methods="1" coveredmethods="1"/>
      <line num="2" count="5" type="stmt"/>
      <line num="4" count="1" type="stmt"/>
      <line num="5" count="1" type="stmt"/>
      <line num="6" count="1" type="stmt"/>
      <line num="8" count="1" type="stmt"/>
    </file>
    <file name="exercise3.js" path="C:\Users\private\Desktop\Tests\exercise3.js">
      <metrics statements="12" coveredstatements="12" conditionals="0" coveredconditionals="0" methods="5" coveredmethods="5"/>
      <line num="1" count="1" type="stmt"/>
      <line num="2" count="1" type="stmt"/>
      <line num="3" count="1" type="stmt"/>
      <line num="4" count="1" type="stmt"/>
      <line num="6" count="1" type="stmt"/>
      <line num="7" count="1" type="stmt"/>
      <line num="9" count="1" type="stmt"/>
      <line num="10" count="1" type="stmt"/>
      <line num="11" count="1" type="stmt"/>
      <line num="12" count="1" type="stmt"/>
      <line num="15" count="4" type="stmt"/>
      <line num="17" count="1" type="stmt"/>
    </file>
    <file name="exercise4.js" path="C:\Users\private\Desktop\Tests\exercise4.js">
      <metrics statements="12" coveredstatements="12" conditionals="8" coveredconditionals="8" methods="2" coveredmethods="2"/>
      <line num="2" count="18" type="stmt"/>
      <line num="3" count="18" type="stmt"/>
      <line num="6" count="160" type="stmt"/>
      <line num="8" count="160" type="cond" truecount="4" falsecount="0"/>
      <line num="9" count="25" type="stmt"/>
      <line num="10" count="135" type="cond" truecount="4" falsecount="0"/>
      <line num="11" count="98" type="stmt"/>
      <line num="13" count="160" type="stmt"/>
      <line num="18" count="1" type="stmt"/>
      <line num="19" count="1" type="stmt"/>
      <line num="20" count="1" type="stmt"/>
      <line num="22" count="1" type="stmt"/>
    </file>
    <file name="exercise5.js" path="C:\Users\private\Desktop\Tests\exercise5.js">
      <metrics statements="20" coveredstatements="20" conditionals="8" coveredconditionals="8" methods="1" coveredmethods="1"/>
      <line num="3" count="4" type="cond" truecount="2" falsecount="0"/>
      <line num="4" count="1" type="stmt"/>
      <line num="6" count="3" type="cond" truecount="2" falsecount="0"/>
      <line num="7" count="1" type="stmt"/>
      <line num="10" count="2" type="stmt"/>
      <line num="11" count="2" type="stmt"/>
      <line num="12" count="2" type="stmt"/>
      <line num="13" count="2" type="stmt"/>
      <line num="14" count="10" type="stmt"/>
      <line num="15" count="10" type="cond" truecount="2" falsecount="0"/>
      <line num="16" count="4" type="stmt"/>
      <line num="18" count="10" type="cond" truecount="2" falsecount="0"/>
      <line num="19" count="2" type="stmt"/>
      <line num="22" count="2" type="stmt"/>
      <line num="23" count="2" type="stmt"/>
      <line num="25" count="2" type="stmt"/>
      <line num="32" count="1" type="stmt"/>
      <line num="33" count="1" type="stmt"/>
      <line num="34" count="1" type="stmt"/>
      <line num="35" count="1" type="stmt"/>
    </file>
  </project>
</coverage>
