{"C:\\Users\\private\\Desktop\\Tests\\exercise1.js": {"path":"C:\\Users\\private\\Desktop\\Tests\\exercise1.js","statementMap":{"0":{"start":{"line":1,"column":13},"end":{"line":1,"column":33}},"1":{"start":{"line":6,"column":14},"end":{"line":6,"column":31}},"2":{"start":{"line":7,"column":2},"end":{"line":9,"column":3}},"3":{"start":{"line":7,"column":15},"end":{"line":7,"column":16}},"4":{"start":{"line":8,"column":4},"end":{"line":8,"column":41}},"5":{"start":{"line":10,"column":2},"end":{"line":10,"column":25}},"6":{"start":{"line":14,"column":2},"end":{"line":16,"column":3}},"7":{"start":{"line":15,"column":4},"end":{"line":15,"column":14}},"8":{"start":{"line":17,"column":2},"end":{"line":17,"column":58}},"9":{"start":{"line":20,"column":24},"end":{"line":20,"column":47}},"10":{"start":{"line":21,"column":0},"end":{"line":21,"column":31}},"11":{"start":{"line":23,"column":0},"end":{"line":23,"column":33}},"12":{"start":{"line":24,"column":0},"end":{"line":24,"column":33}}},"fnMap":{"0":{"name":"capitalizeWords","decl":{"start":{"line":3,"column":9},"end":{"line":3,"column":24}},"loc":{"start":{"line":3,"column":33},"end":{"line":11,"column":1}},"line":3},"1":{"name":"capitalizeFirst","decl":{"start":{"line":13,"column":9},"end":{"line":13,"column":24}},"loc":{"start":{"line":13,"column":33},"end":{"line":18,"column":1}},"line":13}},"branchMap":{"0":{"loc":{"start":{"line":14,"column":2},"end":{"line":16,"column":3}},"type":"if","locations":[{"start":{"line":14,"column":2},"end":{"line":16,"column":3}},{"start":{},"end":{}}],"line":14}},"s":{"0":1,"1":1,"2":1,"3":1,"4":2,"5":1,"6":6,"7":1,"8":5,"9":1,"10":1,"11":1,"12":1},"f":{"0":1,"1":6},"b":{"0":[1,5]},"_coverageSchema":"1a1c01bbd47fc00a2c39e90264f33305004495a9","hash":"6db50a9debff724b767668444ec93e51cd98a562"}
,"C:\\Users\\private\\Desktop\\Tests\\exercise2.js": {"path":"C:\\Users\\private\\Desktop\\Tests\\exercise2.js","statementMap":{"0":{"start":{"line":2,"column":4},"end":{"line":2,"column":47}},"1":{"start":{"line":4,"column":20},"end":{"line":4,"column":40}},"2":{"start":{"line":5,"column":23},"end":{"line":5,"column":49}},"3":{"start":{"line":6,"column":2},"end":{"line":6,"column":30}},"4":{"start":{"line":8,"column":2},"end":{"line":8,"column":33}}},"fnMap":{"0":{"name":"reverseString","decl":{"start":{"line":1,"column":9},"end":{"line":1,"column":22}},"loc":{"start":{"line":1,"column":31},"end":{"line":3,"column":3}},"line":1}},"branchMap":{},"s":{"0":5,"1":1,"2":1,"3":1,"4":1},"f":{"0":5},"b":{},"_coverageSchema":"1a1c01bbd47fc00a2c39e90264f33305004495a9","hash":"2bf8e8b49d6febf2dfeae724982b47a77c2e7462"}
,"C:\\Users\\private\\Desktop\\Tests\\exercise3.js": {"path":"C:\\Users\\private\\Desktop\\Tests\\exercise3.js","statementMap":{"0":{"start":{"line":1,"column":12},"end":{"line":1,"column":27}},"1":{"start":{"line":1,"column":22},"end":{"line":1,"column":27}},"2":{"start":{"line":2,"column":17},"end":{"line":2,"column":32}},"3":{"start":{"line":2,"column":27},"end":{"line":2,"column":32}},"4":{"start":{"line":3,"column":17},"end":{"line":3,"column":32}},"5":{"start":{"line":3,"column":27},"end":{"line":3,"column":32}},"6":{"start":{"line":4,"column":15},"end":{"line":4,"column":30}},"7":{"start":{"line":4,"column":25},"end":{"line":4,"column":30}},"8":{"start":{"line":6,"column":10},"end":{"line":6,"column":11}},"9":{"start":{"line":7,"column":10},"end":{"line":7,"column":11}},"10":{"start":{"line":9,"column":0},"end":{"line":9,"column":54}},"11":{"start":{"line":10,"column":0},"end":{"line":10,"column":64}},"12":{"start":{"line":11,"column":0},"end":{"line":11,"column":64}},"13":{"start":{"line":12,"column":0},"end":{"line":12,"column":60}},"14":{"start":{"line":15,"column":2},"end":{"line":15,"column":58}},"15":{"start":{"line":17,"column":0},"end":{"line":17,"column":21}}},"fnMap":{"0":{"name":"(anonymous_0)","decl":{"start":{"line":1,"column":12},"end":{"line":1,"column":13}},"loc":{"start":{"line":1,"column":22},"end":{"line":1,"column":27}},"line":1},"1":{"name":"(anonymous_1)","decl":{"start":{"line":2,"column":17},"end":{"line":2,"column":18}},"loc":{"start":{"line":2,"column":27},"end":{"line":2,"column":32}},"line":2},"2":{"name":"(anonymous_2)","decl":{"start":{"line":3,"column":17},"end":{"line":3,"column":18}},"loc":{"start":{"line":3,"column":27},"end":{"line":3,"column":32}},"line":3},"3":{"name":"(anonymous_3)","decl":{"start":{"line":4,"column":15},"end":{"line":4,"column":16}},"loc":{"start":{"line":4,"column":25},"end":{"line":4,"column":30}},"line":4},"4":{"name":"calc","decl":{"start":{"line":14,"column":9},"end":{"line":14,"column":13}},"loc":{"start":{"line":14,"column":34},"end":{"line":16,"column":1}},"line":14}},"branchMap":{},"s":{"0":1,"1":1,"2":1,"3":1,"4":1,"5":1,"6":1,"7":1,"8":1,"9":1,"10":1,"11":1,"12":1,"13":1,"14":4,"15":1},"f":{"0":1,"1":1,"2":1,"3":1,"4":4},"b":{},"_coverageSchema":"1a1c01bbd47fc00a2c39e90264f33305004495a9","hash":"29a59d8ec0dd37ab9774bc7996fad6f43c0573b3"}
,"C:\\Users\\private\\Desktop\\Tests\\exercise4.js": {"path":"C:\\Users\\private\\Desktop\\Tests\\exercise4.js","statementMap":{"0":{"start":{"line":2,"column":2},"end":{"line":2,"column":21}},"1":{"start":{"line":3,"column":2},"end":{"line":15,"column":14}},"2":{"start":{"line":6,"column":17},"end":{"line":6,"column":35}},"3":{"start":{"line":8,"column":6},"end":{"line":12,"column":7}},"4":{"start":{"line":9,"column":8},"end":{"line":9,"column":47}},"5":{"start":{"line":10,"column":13},"end":{"line":12,"column":7}},"6":{"start":{"line":11,"column":8},"end":{"line":11,"column":47}},"7":{"start":{"line":13,"column":6},"end":{"line":13,"column":39}},"8":{"start":{"line":18,"column":14},"end":{"line":18,"column":34}},"9":{"start":{"line":19,"column":21},"end":{"line":19,"column":45}},"10":{"start":{"line":20,"column":0},"end":{"line":20,"column":28}},"11":{"start":{"line":22,"column":0},"end":{"line":22,"column":30}}},"fnMap":{"0":{"name":"caesarCipher","decl":{"start":{"line":1,"column":9},"end":{"line":1,"column":21}},"loc":{"start":{"line":1,"column":34},"end":{"line":16,"column":1}},"line":1},"1":{"name":"(anonymous_1)","decl":{"start":{"line":5,"column":9},"end":{"line":5,"column":10}},"loc":{"start":{"line":5,"column":25},"end":{"line":14,"column":5}},"line":5}},"branchMap":{"0":{"loc":{"start":{"line":8,"column":6},"end":{"line":12,"column":7}},"type":"if","locations":[{"start":{"line":8,"column":6},"end":{"line":12,"column":7}},{"start":{"line":10,"column":13},"end":{"line":12,"column":7}}],"line":8},"1":{"loc":{"start":{"line":8,"column":10},"end":{"line":8,"column":34}},"type":"binary-expr","locations":[{"start":{"line":8,"column":10},"end":{"line":8,"column":20}},{"start":{"line":8,"column":24},"end":{"line":8,"column":34}}],"line":8},"2":{"loc":{"start":{"line":10,"column":13},"end":{"line":12,"column":7}},"type":"if","locations":[{"start":{"line":10,"column":13},"end":{"line":12,"column":7}},{"start":{},"end":{}}],"line":10},"3":{"loc":{"start":{"line":10,"column":17},"end":{"line":10,"column":42}},"type":"binary-expr","locations":[{"start":{"line":10,"column":17},"end":{"line":10,"column":27}},{"start":{"line":10,"column":31},"end":{"line":10,"column":42}}],"line":10}},"s":{"0":18,"1":18,"2":160,"3":160,"4":25,"5":135,"6":98,"7":160,"8":1,"9":1,"10":1,"11":1},"f":{"0":18,"1":160},"b":{"0":[25,135],"1":[160,123],"2":[98,37],"3":[135,98]},"_coverageSchema":"1a1c01bbd47fc00a2c39e90264f33305004495a9","hash":"622c19d33ecad7b90881305ada03ea7ba27abef6"}
,"C:\\Users\\private\\Desktop\\Tests\\exercise5.js": {"path":"C:\\Users\\private\\Desktop\\Tests\\exercise5.js","statementMap":{"0":{"start":{"line":3,"column":2},"end":{"line":5,"column":3}},"1":{"start":{"line":4,"column":4},"end":{"line":4,"column":45}},"2":{"start":{"line":6,"column":2},"end":{"line":8,"column":3}},"3":{"start":{"line":7,"column":4},"end":{"line":7,"column":38}},"4":{"start":{"line":10,"column":12},"end":{"line":10,"column":13}},"5":{"start":{"line":11,"column":12},"end":{"line":11,"column":18}},"6":{"start":{"line":12,"column":12},"end":{"line":12,"column":18}},"7":{"start":{"line":13,"column":2},"end":{"line":21,"column":3}},"8":{"start":{"line":13,"column":15},"end":{"line":13,"column":16}},"9":{"start":{"line":14,"column":4},"end":{"line":14,"column":18}},"10":{"start":{"line":15,"column":4},"end":{"line":17,"column":5}},"11":{"start":{"line":16,"column":6},"end":{"line":16,"column":19}},"12":{"start":{"line":18,"column":4},"end":{"line":20,"column":5}},"13":{"start":{"line":19,"column":6},"end":{"line":19,"column":19}},"14":{"start":{"line":22,"column":12},"end":{"line":22,"column":28}},"15":{"start":{"line":23,"column":12},"end":{"line":23,"column":22}},"16":{"start":{"line":25,"column":2},"end":{"line":30,"column":4}},"17":{"start":{"line":32,"column":14},"end":{"line":32,"column":29}},"18":{"start":{"line":33,"column":15},"end":{"line":33,"column":36}},"19":{"start":{"line":34,"column":0},"end":{"line":34,"column":22}},"20":{"start":{"line":35,"column":0},"end":{"line":35,"column":30}}},"fnMap":{"0":{"name":"analyzeArray","decl":{"start":{"line":1,"column":9},"end":{"line":1,"column":21}},"loc":{"start":{"line":1,"column":27},"end":{"line":31,"column":1}},"line":1}},"branchMap":{"0":{"loc":{"start":{"line":3,"column":2},"end":{"line":5,"column":3}},"type":"if","locations":[{"start":{"line":3,"column":2},"end":{"line":5,"column":3}},{"start":{},"end":{}}],"line":3},"1":{"loc":{"start":{"line":6,"column":2},"end":{"line":8,"column":3}},"type":"if","locations":[{"start":{"line":6,"column":2},"end":{"line":8,"column":3}},{"start":{},"end":{}}],"line":6},"2":{"loc":{"start":{"line":15,"column":4},"end":{"line":17,"column":5}},"type":"if","locations":[{"start":{"line":15,"column":4},"end":{"line":17,"column":5}},{"start":{},"end":{}}],"line":15},"3":{"loc":{"start":{"line":18,"column":4},"end":{"line":20,"column":5}},"type":"if","locations":[{"start":{"line":18,"column":4},"end":{"line":20,"column":5}},{"start":{},"end":{}}],"line":18}},"s":{"0":4,"1":1,"2":3,"3":1,"4":2,"5":2,"6":2,"7":2,"8":2,"9":10,"10":10,"11":4,"12":10,"13":2,"14":2,"15":2,"16":2,"17":1,"18":1,"19":1,"20":1},"f":{"0":4},"b":{"0":[1,3],"1":[1,2],"2":[4,6],"3":[2,8]},"_coverageSchema":"1a1c01bbd47fc00a2c39e90264f33305004495a9","hash":"b827baa8092cabf4c802b5b5c378d7e2c3cfd16f"}
}
