TN:
SF:exercise1.js
FN:3,capitalizeWords
FN:13,capitalizeFirst
FNF:2
FNH:2
FNDA:1,capitalizeWords
FNDA:6,capitalizeFirst
DA:1,1
DA:6,1
DA:7,1
DA:8,2
DA:10,1
DA:14,6
DA:15,1
DA:17,5
DA:20,1
DA:21,1
DA:23,1
DA:24,1
LF:12
LH:12
BRDA:14,0,0,1
BRDA:14,0,1,5
BRF:2
BRH:2
end_of_record
TN:
SF:exercise2.js
FN:1,reverseString
FNF:1
FNH:1
FNDA:5,reverseString
DA:2,5
DA:4,1
DA:5,1
DA:6,1
DA:8,1
LF:5
LH:5
BRF:0
BRH:0
end_of_record
TN:
SF:exercise3.js
FN:1,(anonymous_0)
FN:2,(anonymous_1)
FN:3,(anonymous_2)
FN:4,(anonymous_3)
FN:14,calc
FNF:5
FNH:5
FNDA:1,(anonymous_0)
FNDA:1,(anonymous_1)
FNDA:1,(anonymous_2)
FNDA:1,(anonymous_3)
FNDA:4,calc
DA:1,1
DA:2,1
DA:3,1
DA:4,1
DA:6,1
DA:7,1
DA:9,1
DA:10,1
DA:11,1
DA:12,1
DA:15,4
DA:17,1
LF:12
LH:12
BRF:0
BRH:0
end_of_record
TN:
SF:exercise4.js
FN:1,caesarCipher
FN:5,(anonymous_1)
FNF:2
FNH:2
FNDA:18,caesarCipher
FNDA:160,(anonymous_1)
DA:2,18
DA:3,18
DA:6,160
DA:8,160
DA:9,25
DA:10,135
DA:11,98
DA:13,160
DA:18,1
DA:19,1
DA:20,1
DA:22,1
LF:12
LH:12
BRDA:8,0,0,25
BRDA:8,0,1,135
BRDA:8,1,0,160
BRDA:8,1,1,123
BRDA:10,2,0,98
BRDA:10,2,1,37
BRDA:10,3,0,135
BRDA:10,3,1,98
BRF:8
BRH:8
end_of_record
TN:
SF:exercise5.js
FN:1,analyzeArray
FNF:1
FNH:1
FNDA:4,analyzeArray
DA:3,4
DA:4,1
DA:6,3
DA:7,1
DA:10,2
DA:11,2
DA:12,2
DA:13,2
DA:14,10
DA:15,10
DA:16,4
DA:18,10
DA:19,2
DA:22,2
DA:23,2
DA:25,2
DA:32,1
DA:33,1
DA:34,1
DA:35,1
LF:20
LH:20
BRDA:3,0,0,1
BRDA:3,0,1,3
BRDA:6,1,0,1
BRDA:6,1,1,2
BRDA:15,2,0,4
BRDA:15,2,1,6
BRDA:18,3,0,2
BRDA:18,3,1,8
BRF:8
BRH:8
end_of_record
